C:\Program Files (x86)\Microsoft Visual Studio\2017\Community\Common7\IDE\VC\VCTargets\Microsoft.CppBuild.targets(372,5): warning MSB8004: Intermediate Directory does not end with a trailing slash.  This build instance will add the slash as it is required to allow proper evaluation of the Intermediate Directory.
  DynaRobinMex.cpp
  DynaRobinIKin.cpp
c:\users\zvonimir\desktop\materijali\2.semestar\diplomski-seminar-2017\dynarobinsim\dynarobinikin\dynarobinikin.cpp(368): warning C4101: 'q3': unreferenced local variable
  statistics.cpp
c:\users\zvonimir\desktop\materijali\2.semestar\diplomski-seminar-2017\dynarobinsim\dynarobinikin\alglib\statistics.cpp(5210): warning C4244: 'argument': conversion from 'alglib_impl::ae_int_t' to 'double', possible loss of data
c:\users\zvonimir\desktop\materijali\2.semestar\diplomski-seminar-2017\dynarobinsim\dynarobinikin\alglib\statistics.cpp(5340): warning C4244: 'argument': conversion from 'alglib_impl::ae_int_t' to 'double', possible loss of data
c:\users\zvonimir\desktop\materijali\2.semestar\diplomski-seminar-2017\dynarobinsim\dynarobinikin\alglib\statistics.cpp(5499): warning C4244: 'argument': conversion from 'alglib_impl::ae_int_t' to 'double', possible loss of data
c:\users\zvonimir\desktop\materijali\2.semestar\diplomski-seminar-2017\dynarobinsim\dynarobinikin\alglib\statistics.cpp(5500): warning C4244: 'argument': conversion from 'alglib_impl::ae_int_t' to 'double', possible loss of data
c:\users\zvonimir\desktop\materijali\2.semestar\diplomski-seminar-2017\dynarobinsim\dynarobinikin\alglib\statistics.cpp(8876): warning C4244: 'argument': conversion from 'alglib_impl::ae_int_t' to 'double', possible loss of data
c:\users\zvonimir\desktop\materijali\2.semestar\diplomski-seminar-2017\dynarobinsim\dynarobinikin\alglib\statistics.cpp(8879): warning C4244: 'argument': conversion from 'alglib_impl::ae_int_t' to 'double', possible loss of data
c:\users\zvonimir\desktop\materijali\2.semestar\diplomski-seminar-2017\dynarobinsim\dynarobinikin\alglib\statistics.cpp(13380): warning C4244: 'argument': conversion from 'alglib_impl::ae_int_t' to 'double', possible loss of data
c:\users\zvonimir\desktop\materijali\2.semestar\diplomski-seminar-2017\dynarobinsim\dynarobinikin\alglib\statistics.cpp(13980): warning C4244: 'argument': conversion from 'alglib_impl::ae_int_t' to 'double', possible loss of data
  specialfunctions.cpp
c:\users\zvonimir\desktop\materijali\2.semestar\diplomski-seminar-2017\dynarobinsim\dynarobinikin\alglib\specialfunctions.cpp(2951): warning C4244: '=': conversion from 'alglib_impl::ae_int_t' to 'double', possible loss of data
c:\users\zvonimir\desktop\materijali\2.semestar\diplomski-seminar-2017\dynarobinsim\dynarobinikin\alglib\specialfunctions.cpp(3087): warning C4244: '=': conversion from 'alglib_impl::ae_int_t' to 'double', possible loss of data
c:\users\zvonimir\desktop\materijali\2.semestar\diplomski-seminar-2017\dynarobinsim\dynarobinikin\alglib\specialfunctions.cpp(3253): warning C4244: '=': conversion from 'alglib_impl::ae_int_t' to 'double', possible loss of data
c:\users\zvonimir\desktop\materijali\2.semestar\diplomski-seminar-2017\dynarobinsim\dynarobinikin\alglib\specialfunctions.cpp(4400): warning C4244: '=': conversion from 'alglib_impl::ae_int_t' to 'double', possible loss of data
c:\users\zvonimir\desktop\materijali\2.semestar\diplomski-seminar-2017\dynarobinsim\dynarobinikin\alglib\specialfunctions.cpp(4532): warning C4244: '=': conversion from 'alglib_impl::ae_int_t' to 'double', possible loss of data
c:\users\zvonimir\desktop\materijali\2.semestar\diplomski-seminar-2017\dynarobinsim\dynarobinikin\alglib\specialfunctions.cpp(4546): warning C4244: '=': conversion from 'alglib_impl::ae_int_t' to 'double', possible loss of data
c:\users\zvonimir\desktop\materijali\2.semestar\diplomski-seminar-2017\dynarobinsim\dynarobinikin\alglib\specialfunctions.cpp(5291): warning C4244: '=': conversion from 'alglib_impl::ae_int_t' to 'double', possible loss of data
c:\users\zvonimir\desktop\materijali\2.semestar\diplomski-seminar-2017\dynarobinsim\dynarobinikin\alglib\specialfunctions.cpp(5530): warning C4244: 'argument': conversion from 'alglib_impl::ae_int_t' to 'double', possible loss of data
c:\users\zvonimir\desktop\materijali\2.semestar\diplomski-seminar-2017\dynarobinsim\dynarobinikin\alglib\specialfunctions.cpp(5531): warning C4244: 'argument': conversion from 'alglib_impl::ae_int_t' to 'double', possible loss of data
c:\users\zvonimir\desktop\materijali\2.semestar\diplomski-seminar-2017\dynarobinsim\dynarobinikin\alglib\specialfunctions.cpp(6562): warning C4244: '=': conversion from 'alglib_impl::ae_int_t' to 'double', possible loss of data
c:\users\zvonimir\desktop\materijali\2.semestar\diplomski-seminar-2017\dynarobinsim\dynarobinikin\alglib\specialfunctions.cpp(6569): warning C4244: '=': conversion from 'alglib_impl::ae_int_t' to 'double', possible loss of data
c:\users\zvonimir\desktop\materijali\2.semestar\diplomski-seminar-2017\dynarobinsim\dynarobinikin\alglib\specialfunctions.cpp(6632): warning C4244: '=': conversion from 'alglib_impl::ae_int_t' to 'double', possible loss of data
c:\users\zvonimir\desktop\materijali\2.semestar\diplomski-seminar-2017\dynarobinsim\dynarobinikin\alglib\specialfunctions.cpp(6646): warning C4244: '=': conversion from 'alglib_impl::ae_int_t' to 'double', possible loss of data
c:\users\zvonimir\desktop\materijali\2.semestar\diplomski-seminar-2017\dynarobinsim\dynarobinikin\alglib\specialfunctions.cpp(6694): warning C4244: '=': conversion from 'alglib_impl::ae_int_t' to 'double', possible loss of data
c:\users\zvonimir\desktop\materijali\2.semestar\diplomski-seminar-2017\dynarobinsim\dynarobinikin\alglib\specialfunctions.cpp(6708): warning C4244: '=': conversion from 'alglib_impl::ae_int_t' to 'double', possible loss of data
c:\users\zvonimir\desktop\materijali\2.semestar\diplomski-seminar-2017\dynarobinsim\dynarobinikin\alglib\specialfunctions.cpp(7935): warning C4244: '=': conversion from 'alglib_impl::ae_int_t' to 'double', possible loss of data
c:\users\zvonimir\desktop\materijali\2.semestar\diplomski-seminar-2017\dynarobinsim\dynarobinikin\alglib\specialfunctions.cpp(7952): warning C4244: '=': conversion from 'alglib_impl::ae_int_t' to 'double', possible loss of data
c:\users\zvonimir\desktop\materijali\2.semestar\diplomski-seminar-2017\dynarobinsim\dynarobinikin\alglib\specialfunctions.cpp(8663): warning C4244: 'argument': conversion from 'alglib_impl::ae_int_t' to 'double', possible loss of data
c:\users\zvonimir\desktop\materijali\2.semestar\diplomski-seminar-2017\dynarobinsim\dynarobinikin\alglib\specialfunctions.cpp(8883): warning C4244: 'argument': conversion from 'alglib_impl::ae_int_t' to 'double', possible loss of data
c:\users\zvonimir\desktop\materijali\2.semestar\diplomski-seminar-2017\dynarobinsim\dynarobinikin\alglib\specialfunctions.cpp(8920): warning C4244: 'argument': conversion from 'alglib_impl::ae_int_t' to 'double', possible loss of data
c:\users\zvonimir\desktop\materijali\2.semestar\diplomski-seminar-2017\dynarobinsim\dynarobinikin\alglib\specialfunctions.cpp(8950): warning C4244: 'argument': conversion from 'alglib_impl::ae_int_t' to 'double', possible loss of data
c:\users\zvonimir\desktop\materijali\2.semestar\diplomski-seminar-2017\dynarobinsim\dynarobinikin\alglib\specialfunctions.cpp(9018): warning C4244: '=': conversion from 'alglib_impl::ae_int_t' to 'double', possible loss of data
c:\users\zvonimir\desktop\materijali\2.semestar\diplomski-seminar-2017\dynarobinsim\dynarobinikin\alglib\specialfunctions.cpp(9041): warning C4244: 'argument': conversion from 'alglib_impl::ae_int_t' to 'double', possible loss of data
c:\users\zvonimir\desktop\materijali\2.semestar\diplomski-seminar-2017\dynarobinsim\dynarobinikin\alglib\specialfunctions.cpp(9047): warning C4244: '=': conversion from 'alglib_impl::ae_int_t' to 'double', possible loss of data
c:\users\zvonimir\desktop\materijali\2.semestar\diplomski-seminar-2017\dynarobinsim\dynarobinikin\alglib\specialfunctions.cpp(9152): warning C4244: '=': conversion from 'alglib_impl::ae_int_t' to 'double', possible loss of data
c:\users\zvonimir\desktop\materijali\2.semestar\diplomski-seminar-2017\dynarobinsim\dynarobinikin\alglib\specialfunctions.cpp(9165): warning C4244: '=': conversion from 'alglib_impl::ae_int_t' to 'double', possible loss of data
c:\users\zvonimir\desktop\materijali\2.semestar\diplomski-seminar-2017\dynarobinsim\dynarobinikin\alglib\specialfunctions.cpp(9235): warning C4244: '=': conversion from 'alglib_impl::ae_int_t' to 'double', possible loss of data
  solvers.cpp
  optimization.cpp
c:\users\zvonimir\desktop\materijali\2.semestar\diplomski-seminar-2017\dynarobinsim\dynarobinikin\alglib\optimization.cpp(10107): warning C4244: 'argument': conversion from 'alglib_impl::ae_int_t' to 'double', possible loss of data
c:\users\zvonimir\desktop\materijali\2.semestar\diplomski-seminar-2017\dynarobinsim\dynarobinikin\alglib\optimization.cpp(20218): warning C4244: 'argument': conversion from 'alglib_impl::ae_int_t' to 'double', possible loss of data
  linalg.cpp
c:\users\zvonimir\desktop\materijali\2.semestar\diplomski-seminar-2017\dynarobinsim\dynarobinikin\alglib\linalg.cpp(15358): warning C4244: 'argument': conversion from 'alglib_impl::ae_int_t' to 'double', possible loss of data
c:\users\zvonimir\desktop\materijali\2.semestar\diplomski-seminar-2017\dynarobinsim\dynarobinikin\alglib\linalg.cpp(16447): warning C4244: 'argument': conversion from 'alglib_impl::ae_int_t' to 'double', possible loss of data
c:\users\zvonimir\desktop\materijali\2.semestar\diplomski-seminar-2017\dynarobinsim\dynarobinikin\alglib\linalg.cpp(16519): warning C4244: 'argument': conversion from 'alglib_impl::ae_int_t' to 'double', possible loss of data
c:\users\zvonimir\desktop\materijali\2.semestar\diplomski-seminar-2017\dynarobinsim\dynarobinikin\alglib\linalg.cpp(22914): warning C4244: '=': conversion from 'alglib_impl::ae_int_t' to 'double', possible loss of data
c:\users\zvonimir\desktop\materijali\2.semestar\diplomski-seminar-2017\dynarobinsim\dynarobinikin\alglib\linalg.cpp(23089): warning C4244: '=': conversion from 'alglib_impl::ae_int_t' to 'double', possible loss of data
c:\users\zvonimir\desktop\materijali\2.semestar\diplomski-seminar-2017\dynarobinsim\dynarobinikin\alglib\linalg.cpp(23237): warning C4244: 'argument': conversion from 'alglib_impl::ae_int_t' to 'double', possible loss of data
c:\users\zvonimir\desktop\materijali\2.semestar\diplomski-seminar-2017\dynarobinsim\dynarobinikin\alglib\linalg.cpp(23404): warning C4244: '=': conversion from 'alglib_impl::ae_int_t' to 'double', possible loss of data
c:\users\zvonimir\desktop\materijali\2.semestar\diplomski-seminar-2017\dynarobinsim\dynarobinikin\alglib\linalg.cpp(23456): warning C4244: '=': conversion from 'alglib_impl::ae_int_t' to 'double', possible loss of data
c:\users\zvonimir\desktop\materijali\2.semestar\diplomski-seminar-2017\dynarobinsim\dynarobinikin\alglib\linalg.cpp(23506): warning C4244: '=': conversion from 'alglib_impl::ae_int_t' to 'double', possible loss of data
c:\users\zvonimir\desktop\materijali\2.semestar\diplomski-seminar-2017\dynarobinsim\dynarobinikin\alglib\linalg.cpp(23558): warning C4244: '=': conversion from 'alglib_impl::ae_int_t' to 'double', possible loss of data
c:\users\zvonimir\desktop\materijali\2.semestar\diplomski-seminar-2017\dynarobinsim\dynarobinikin\alglib\linalg.cpp(23835): warning C4244: '=': conversion from 'alglib_impl::ae_int_t' to 'double', possible loss of data
c:\users\zvonimir\desktop\materijali\2.semestar\diplomski-seminar-2017\dynarobinsim\dynarobinikin\alglib\linalg.cpp(30572): warning C4244: 'argument': conversion from 'alglib_impl::ae_int_t' to 'double', possible loss of data
c:\users\zvonimir\desktop\materijali\2.semestar\diplomski-seminar-2017\dynarobinsim\dynarobinikin\alglib\linalg.cpp(30674): warning C4244: 'argument': conversion from 'alglib_impl::ae_int_t' to 'double', possible loss of data
c:\users\zvonimir\desktop\materijali\2.semestar\diplomski-seminar-2017\dynarobinsim\dynarobinikin\alglib\linalg.cpp(33981): warning C4244: 'argument': conversion from 'alglib_impl::ae_int_t' to 'double', possible loss of data
  interpolation.cpp
c:\users\zvonimir\desktop\materijali\2.semestar\diplomski-seminar-2017\dynarobinsim\dynarobinikin\alglib\interpolation.cpp(10531): warning C4244: 'argument': conversion from 'alglib_impl::ae_int_t' to 'double', possible loss of data
c:\users\zvonimir\desktop\materijali\2.semestar\diplomski-seminar-2017\dynarobinsim\dynarobinikin\alglib\interpolation.cpp(10536): warning C4244: 'argument': conversion from 'alglib_impl::ae_int_t' to 'double', possible loss of data
c:\users\zvonimir\desktop\materijali\2.semestar\diplomski-seminar-2017\dynarobinsim\dynarobinikin\alglib\interpolation.cpp(10538): warning C4244: 'argument': conversion from 'alglib_impl::ae_int_t' to 'double', possible loss of data
c:\users\zvonimir\desktop\materijali\2.semestar\diplomski-seminar-2017\dynarobinsim\dynarobinikin\alglib\interpolation.cpp(10998): warning C4244: 'argument': conversion from 'alglib_impl::ae_int_t' to 'double', possible loss of data
c:\users\zvonimir\desktop\materijali\2.semestar\diplomski-seminar-2017\dynarobinsim\dynarobinikin\alglib\interpolation.cpp(21982): warning C4244: 'argument': conversion from 'alglib_impl::ae_int_t' to 'double', possible loss of data
c:\users\zvonimir\desktop\materijali\2.semestar\diplomski-seminar-2017\dynarobinsim\dynarobinikin\alglib\interpolation.cpp(25062): warning C4244: '=': conversion from 'alglib_impl::ae_int_t' to 'double', possible loss of data
c:\users\zvonimir\desktop\materijali\2.semestar\diplomski-seminar-2017\dynarobinsim\dynarobinikin\alglib\interpolation.cpp(25112): warning C4244: '=': conversion from 'alglib_impl::ae_int_t' to 'double', possible loss of data
c:\users\zvonimir\desktop\materijali\2.semestar\diplomski-seminar-2017\dynarobinsim\dynarobinikin\alglib\interpolation.cpp(27536): warning C4244: 'argument': conversion from 'alglib_impl::ae_int_t' to 'double', possible loss of data
c:\users\zvonimir\desktop\materijali\2.semestar\diplomski-seminar-2017\dynarobinsim\dynarobinikin\alglib\interpolation.cpp(29166): warning C4244: 'argument': conversion from 'alglib_impl::ae_int_t' to 'double', possible loss of data
c:\users\zvonimir\desktop\materijali\2.semestar\diplomski-seminar-2017\dynarobinsim\dynarobinikin\alglib\interpolation.cpp(29547): warning C4244: 'argument': conversion from 'alglib_impl::ae_int_t' to 'double', possible loss of data
c:\users\zvonimir\desktop\materijali\2.semestar\diplomski-seminar-2017\dynarobinsim\dynarobinikin\alglib\interpolation.cpp(30673): warning C4244: 'argument': conversion from 'alglib_impl::ae_int_t' to 'double', possible loss of data
  integration.cpp
c:\users\zvonimir\desktop\materijali\2.semestar\diplomski-seminar-2017\dynarobinsim\dynarobinikin\alglib\integration.cpp(1588): warning C4244: 'argument': conversion from 'alglib_impl::ae_int_t' to 'double', possible loss of data
c:\users\zvonimir\desktop\materijali\2.semestar\diplomski-seminar-2017\dynarobinsim\dynarobinikin\alglib\integration.cpp(2388): warning C4244: 'argument': conversion from 'alglib_impl::ae_int_t' to 'double', possible loss of data
  fasttransforms.cpp
c:\users\zvonimir\desktop\materijali\2.semestar\diplomski-seminar-2017\dynarobinsim\dynarobinikin\alglib\fasttransforms.cpp(2388): warning C4244: '=': conversion from 'alglib_impl::ae_int_t' to 'double', possible loss of data
  diffequations.cpp
  dataanalysis.cpp
c:\users\zvonimir\desktop\materijali\2.semestar\diplomski-seminar-2017\dynarobinsim\dynarobinikin\alglib\dataanalysis.cpp(10144): warning C4244: '=': conversion from 'alglib_impl::ae_int_t' to 'double', possible loss of data
c:\users\zvonimir\desktop\materijali\2.semestar\diplomski-seminar-2017\dynarobinsim\dynarobinikin\alglib\dataanalysis.cpp(10966): warning C4244: '=': conversion from 'alglib_impl::ae_int_t' to 'double', possible loss of data
c:\users\zvonimir\desktop\materijali\2.semestar\diplomski-seminar-2017\dynarobinsim\dynarobinikin\alglib\dataanalysis.cpp(10969): warning C4244: '=': conversion from 'alglib_impl::ae_int_t' to 'double', possible loss of data
c:\users\zvonimir\desktop\materijali\2.semestar\diplomski-seminar-2017\dynarobinsim\dynarobinikin\alglib\dataanalysis.cpp(10998): warning C4244: '=': conversion from 'alglib_impl::ae_int_t' to 'double', possible loss of data
c:\users\zvonimir\desktop\materijali\2.semestar\diplomski-seminar-2017\dynarobinsim\dynarobinikin\alglib\dataanalysis.cpp(11004): warning C4244: '=': conversion from 'alglib_impl::ae_int_t' to 'double', possible loss of data
c:\users\zvonimir\desktop\materijali\2.semestar\diplomski-seminar-2017\dynarobinsim\dynarobinikin\alglib\dataanalysis.cpp(11010): warning C4244: '=': conversion from 'alglib_impl::ae_int_t' to 'double', possible loss of data
c:\users\zvonimir\desktop\materijali\2.semestar\diplomski-seminar-2017\dynarobinsim\dynarobinikin\alglib\dataanalysis.cpp(11016): warning C4244: '=': conversion from 'alglib_impl::ae_int_t' to 'double', possible loss of data
c:\users\zvonimir\desktop\materijali\2.semestar\diplomski-seminar-2017\dynarobinsim\dynarobinikin\alglib\dataanalysis.cpp(11588): warning C4244: 'argument': conversion from 'alglib_impl::ae_int_t' to 'double', possible loss of data
c:\users\zvonimir\desktop\materijali\2.semestar\diplomski-seminar-2017\dynarobinsim\dynarobinikin\alglib\dataanalysis.cpp(13605): warning C4244: '=': conversion from 'alglib_impl::ae_int_t' to 'double', possible loss of data
c:\users\zvonimir\desktop\materijali\2.semestar\diplomski-seminar-2017\dynarobinsim\dynarobinikin\alglib\dataanalysis.cpp(13608): warning C4244: 'argument': conversion from 'alglib_impl::ae_int_t' to 'double', possible loss of data
c:\users\zvonimir\desktop\materijali\2.semestar\diplomski-seminar-2017\dynarobinsim\dynarobinikin\alglib\dataanalysis.cpp(15083): warning C4244: '=': conversion from 'alglib_impl::ae_int_t' to 'double', possible loss of data
c:\users\zvonimir\desktop\materijali\2.semestar\diplomski-seminar-2017\dynarobinsim\dynarobinikin\alglib\dataanalysis.cpp(15178): warning C4244: '=': conversion from 'alglib_impl::ae_int_t' to 'double', possible loss of data
c:\users\zvonimir\desktop\materijali\2.semestar\diplomski-seminar-2017\dynarobinsim\dynarobinikin\alglib\dataanalysis.cpp(15322): warning C4244: '=': conversion from 'alglib_impl::ae_int_t' to 'double', possible loss of data
c:\users\zvonimir\desktop\materijali\2.semestar\diplomski-seminar-2017\dynarobinsim\dynarobinikin\alglib\dataanalysis.cpp(15325): warning C4244: '=': conversion from 'alglib_impl::ae_int_t' to 'double', possible loss of data
c:\users\zvonimir\desktop\materijali\2.semestar\diplomski-seminar-2017\dynarobinsim\dynarobinikin\alglib\dataanalysis.cpp(15421): warning C4244: '=': conversion from 'alglib_impl::ae_int_t' to 'double', possible loss of data
c:\users\zvonimir\desktop\materijali\2.semestar\diplomski-seminar-2017\dynarobinsim\dynarobinikin\alglib\dataanalysis.cpp(15444): warning C4244: '=': conversion from 'alglib_impl::ae_int_t' to 'double', possible loss of data
c:\users\zvonimir\desktop\materijali\2.semestar\diplomski-seminar-2017\dynarobinsim\dynarobinikin\alglib\dataanalysis.cpp(15474): warning C4244: '=': conversion from 'alglib_impl::ae_int_t' to 'double', possible loss of data
c:\users\zvonimir\desktop\materijali\2.semestar\diplomski-seminar-2017\dynarobinsim\dynarobinikin\alglib\dataanalysis.cpp(15609): warning C4244: '=': conversion from 'alglib_impl::ae_int_t' to 'double', possible loss of data
c:\users\zvonimir\desktop\materijali\2.semestar\diplomski-seminar-2017\dynarobinsim\dynarobinikin\alglib\dataanalysis.cpp(15610): warning C4244: '=': conversion from 'alglib_impl::ae_int_t' to 'double', possible loss of data
c:\users\zvonimir\desktop\materijali\2.semestar\diplomski-seminar-2017\dynarobinsim\dynarobinikin\alglib\dataanalysis.cpp(15614): warning C4244: '=': conversion from 'alglib_impl::ae_int_t' to 'double', possible loss of data
c:\users\zvonimir\desktop\materijali\2.semestar\diplomski-seminar-2017\dynarobinsim\dynarobinikin\alglib\dataanalysis.cpp(15617): warning C4244: '=': conversion from 'alglib_impl::ae_int_t' to 'double', possible loss of data
c:\users\zvonimir\desktop\materijali\2.semestar\diplomski-seminar-2017\dynarobinsim\dynarobinikin\alglib\dataanalysis.cpp(16424): warning C4244: '=': conversion from 'alglib_impl::ae_int_t' to 'double', possible loss of data
c:\users\zvonimir\desktop\materijali\2.semestar\diplomski-seminar-2017\dynarobinsim\dynarobinikin\alglib\dataanalysis.cpp(16425): warning C4244: '=': conversion from 'alglib_impl::ae_int_t' to 'double', possible loss of data
c:\users\zvonimir\desktop\materijali\2.semestar\diplomski-seminar-2017\dynarobinsim\dynarobinikin\alglib\dataanalysis.cpp(16426): warning C4244: '=': conversion from 'alglib_impl::ae_int_t' to 'double', possible loss of data
c:\users\zvonimir\desktop\materijali\2.semestar\diplomski-seminar-2017\dynarobinsim\dynarobinikin\alglib\dataanalysis.cpp(16427): warning C4244: '=': conversion from 'alglib_impl::ae_int_t' to 'double', possible loss of data
c:\users\zvonimir\desktop\materijali\2.semestar\diplomski-seminar-2017\dynarobinsim\dynarobinikin\alglib\dataanalysis.cpp(16872): warning C4244: '=': conversion from 'alglib_impl::ae_int_t' to 'double', possible loss of data
c:\users\zvonimir\desktop\materijali\2.semestar\diplomski-seminar-2017\dynarobinsim\dynarobinikin\alglib\dataanalysis.cpp(16873): warning C4244: '=': conversion from 'alglib_impl::ae_int_t' to 'double', possible loss of data
c:\users\zvonimir\desktop\materijali\2.semestar\diplomski-seminar-2017\dynarobinsim\dynarobinikin\alglib\dataanalysis.cpp(16874): warning C4244: '=': conversion from 'alglib_impl::ae_int_t' to 'double', possible loss of data
c:\users\zvonimir\desktop\materijali\2.semestar\diplomski-seminar-2017\dynarobinsim\dynarobinikin\alglib\dataanalysis.cpp(16875): warning C4244: '=': conversion from 'alglib_impl::ae_int_t' to 'double', possible loss of data
c:\users\zvonimir\desktop\materijali\2.semestar\diplomski-seminar-2017\dynarobinsim\dynarobinikin\alglib\dataanalysis.cpp(17381): warning C4244: 'argument': conversion from 'alglib_impl::ae_int_t' to 'double', possible loss of data
c:\users\zvonimir\desktop\materijali\2.semestar\diplomski-seminar-2017\dynarobinsim\dynarobinikin\alglib\dataanalysis.cpp(17540): warning C4244: '=': conversion from 'alglib_impl::ae_int_t' to 'double', possible loss of data
c:\users\zvonimir\desktop\materijali\2.semestar\diplomski-seminar-2017\dynarobinsim\dynarobinikin\alglib\dataanalysis.cpp(19184): warning C4244: '=': conversion from 'alglib_impl::ae_int_t' to 'double', possible loss of data
c:\users\zvonimir\desktop\materijali\2.semestar\diplomski-seminar-2017\dynarobinsim\dynarobinikin\alglib\dataanalysis.cpp(19185): warning C4244: '=': conversion from 'alglib_impl::ae_int_t' to 'double', possible loss of data
c:\users\zvonimir\desktop\materijali\2.semestar\diplomski-seminar-2017\dynarobinsim\dynarobinikin\alglib\dataanalysis.cpp(19186): warning C4244: '=': conversion from 'alglib_impl::ae_int_t' to 'double', possible loss of data
c:\users\zvonimir\desktop\materijali\2.semestar\diplomski-seminar-2017\dynarobinsim\dynarobinikin\alglib\dataanalysis.cpp(19190): warning C4244: '=': conversion from 'alglib_impl::ae_int_t' to 'double', possible loss of data
c:\users\zvonimir\desktop\materijali\2.semestar\diplomski-seminar-2017\dynarobinsim\dynarobinikin\alglib\dataanalysis.cpp(19678): warning C4244: '=': conversion from 'alglib_impl::ae_int_t' to 'double', possible loss of data
c:\users\zvonimir\desktop\materijali\2.semestar\diplomski-seminar-2017\dynarobinsim\dynarobinikin\alglib\dataanalysis.cpp(19826): warning C4244: '=': conversion from 'alglib_impl::ae_int_t' to 'double', possible loss of data
c:\users\zvonimir\desktop\materijali\2.semestar\diplomski-seminar-2017\dynarobinsim\dynarobinikin\alglib\dataanalysis.cpp(20004): warning C4244: '=': conversion from 'alglib_impl::ae_int_t' to 'double', possible loss of data
c:\users\zvonimir\desktop\materijali\2.semestar\diplomski-seminar-2017\dynarobinsim\dynarobinikin\alglib\dataanalysis.cpp(20185): warning C4244: '=': conversion from 'alglib_impl::ae_int_t' to 'double', possible loss of data
c:\users\zvonimir\desktop\materijali\2.semestar\diplomski-seminar-2017\dynarobinsim\dynarobinikin\alglib\dataanalysis.cpp(20850): warning C4244: '=': conversion from 'alglib_impl::ae_int_t' to 'double', possible loss of data
c:\users\zvonimir\desktop\materijali\2.semestar\diplomski-seminar-2017\dynarobinsim\dynarobinikin\alglib\dataanalysis.cpp(23653): warning C4244: '=': conversion from 'alglib_impl::ae_int_t' to 'double', possible loss of data
c:\users\zvonimir\desktop\materijali\2.semestar\diplomski-seminar-2017\dynarobinsim\dynarobinikin\alglib\dataanalysis.cpp(23655): warning C4244: 'argument': conversion from 'alglib_impl::ae_int_t' to 'double', possible loss of data
c:\users\zvonimir\desktop\materijali\2.semestar\diplomski-seminar-2017\dynarobinsim\dynarobinikin\alglib\dataanalysis.cpp(24959): warning C4244: 'argument': conversion from 'alglib_impl::ae_int_t' to 'double', possible loss of data
c:\users\zvonimir\desktop\materijali\2.semestar\diplomski-seminar-2017\dynarobinsim\dynarobinikin\alglib\dataanalysis.cpp(27793): warning C4244: '=': conversion from 'alglib_impl::ae_int_t' to 'double', possible loss of data
c:\users\zvonimir\desktop\materijali\2.semestar\diplomski-seminar-2017\dynarobinsim\dynarobinikin\alglib\dataanalysis.cpp(27794): warning C4244: '=': conversion from 'alglib_impl::ae_int_t' to 'double', possible loss of data
c:\users\zvonimir\desktop\materijali\2.semestar\diplomski-seminar-2017\dynarobinsim\dynarobinikin\alglib\dataanalysis.cpp(27795): warning C4244: '=': conversion from 'alglib_impl::ae_int_t' to 'double', possible loss of data
c:\users\zvonimir\desktop\materijali\2.semestar\diplomski-seminar-2017\dynarobinsim\dynarobinikin\alglib\dataanalysis.cpp(27796): warning C4244: '=': conversion from 'alglib_impl::ae_int_t' to 'double', possible loss of data
c:\users\zvonimir\desktop\materijali\2.semestar\diplomski-seminar-2017\dynarobinsim\dynarobinikin\alglib\dataanalysis.cpp(27797): warning C4244: '=': conversion from 'alglib_impl::ae_int_t' to 'double', possible loss of data
c:\users\zvonimir\desktop\materijali\2.semestar\diplomski-seminar-2017\dynarobinsim\dynarobinikin\alglib\dataanalysis.cpp(28027): warning C4244: 'argument': conversion from 'alglib_impl::ae_int_t' to 'double', possible loss of data
c:\users\zvonimir\desktop\materijali\2.semestar\diplomski-seminar-2017\dynarobinsim\dynarobinikin\alglib\dataanalysis.cpp(28104): warning C4244: 'argument': conversion from 'alglib_impl::ae_int_t' to 'double', possible loss of data
c:\users\zvonimir\desktop\materijali\2.semestar\diplomski-seminar-2017\dynarobinsim\dynarobinikin\alglib\dataanalysis.cpp(28146): warning C4244: '=': conversion from 'alglib_impl::ae_int_t' to 'double', possible loss of data
c:\users\zvonimir\desktop\materijali\2.semestar\diplomski-seminar-2017\dynarobinsim\dynarobinikin\alglib\dataanalysis.cpp(28147): warning C4244: '=': conversion from 'alglib_impl::ae_int_t' to 'double', possible loss of data
c:\users\zvonimir\desktop\materijali\2.semestar\diplomski-seminar-2017\dynarobinsim\dynarobinikin\alglib\dataanalysis.cpp(28148): warning C4244: '=': conversion from 'alglib_impl::ae_int_t' to 'double', possible loss of data
c:\users\zvonimir\desktop\materijali\2.semestar\diplomski-seminar-2017\dynarobinsim\dynarobinikin\alglib\dataanalysis.cpp(28149): warning C4244: '=': conversion from 'alglib_impl::ae_int_t' to 'double', possible loss of data
c:\users\zvonimir\desktop\materijali\2.semestar\diplomski-seminar-2017\dynarobinsim\dynarobinikin\alglib\dataanalysis.cpp(28150): warning C4244: '=': conversion from 'alglib_impl::ae_int_t' to 'double', possible loss of data
c:\users\zvonimir\desktop\materijali\2.semestar\diplomski-seminar-2017\dynarobinsim\dynarobinikin\alglib\dataanalysis.cpp(28213): warning C4244: 'argument': conversion from 'alglib_impl::ae_int_t' to 'double', possible loss of data
c:\users\zvonimir\desktop\materijali\2.semestar\diplomski-seminar-2017\dynarobinsim\dynarobinikin\alglib\dataanalysis.cpp(28397): warning C4244: 'argument': conversion from 'alglib_impl::ae_int_t' to 'double', possible loss of data
c:\users\zvonimir\desktop\materijali\2.semestar\diplomski-seminar-2017\dynarobinsim\dynarobinikin\alglib\dataanalysis.cpp(28454): warning C4244: 'argument': conversion from 'alglib_impl::ae_int_t' to 'double', possible loss of data
c:\users\zvonimir\desktop\materijali\2.semestar\diplomski-seminar-2017\dynarobinsim\dynarobinikin\alglib\dataanalysis.cpp(32546): warning C4244: 'argument': conversion from 'alglib_impl::ae_int_t' to 'double', possible loss of data
c:\users\zvonimir\desktop\materijali\2.semestar\diplomski-seminar-2017\dynarobinsim\dynarobinikin\alglib\dataanalysis.cpp(34854): warning C4244: 'argument': conversion from 'alglib_impl::ae_int_t' to 'double', possible loss of data
  ap.cpp
c:\users\zvonimir\desktop\materijali\2.semestar\diplomski-seminar-2017\dynarobinsim\dynarobinikin\alglib\ap.cpp(13355): warning C4244: '=': conversion from 'alglib_impl::ae_int_t' to 'double', possible loss of data
  alglibmisc.cpp
c:\users\zvonimir\desktop\materijali\2.semestar\diplomski-seminar-2017\dynarobinsim\dynarobinikin\alglib\alglibmisc.cpp(5132): warning C4244: 'argument': conversion from 'alglib_impl::ae_int_t' to 'double', possible loss of data
c:\users\zvonimir\desktop\materijali\2.semestar\diplomski-seminar-2017\dynarobinsim\dynarobinikin\alglib\alglibmisc.cpp(5257): warning C4244: 'argument': conversion from 'alglib_impl::ae_int_t' to 'double', possible loss of data
c:\users\zvonimir\desktop\materijali\2.semestar\diplomski-seminar-2017\dynarobinsim\dynarobinikin\alglib\alglibmisc.cpp(5382): warning C4244: 'argument': conversion from 'alglib_impl::ae_int_t' to 'double', possible loss of data
c:\users\zvonimir\desktop\materijali\2.semestar\diplomski-seminar-2017\dynarobinsim\dynarobinikin\alglib\alglibmisc.cpp(5507): warning C4244: 'argument': conversion from 'alglib_impl::ae_int_t' to 'double', possible loss of data
c:\users\zvonimir\desktop\materijali\2.semestar\diplomski-seminar-2017\dynarobinsim\dynarobinikin\alglib\alglibmisc.cpp(5508): warning C4244: 'argument': conversion from 'alglib_impl::ae_int_t' to 'double', possible loss of data
  alglibinternal.cpp
c:\users\zvonimir\desktop\materijali\2.semestar\diplomski-seminar-2017\dynarobinsim\dynarobinikin\alglib\alglibinternal.cpp(552): warning C4244: '=': conversion from 'alglib_impl::ae_int_t' to 'double', possible loss of data
c:\users\zvonimir\desktop\materijali\2.semestar\diplomski-seminar-2017\dynarobinsim\dynarobinikin\alglib\alglibinternal.cpp(1546): warning C4244: '=': conversion from 'alglib_impl::ae_int_t' to 'double', possible loss of data
c:\users\zvonimir\desktop\materijali\2.semestar\diplomski-seminar-2017\dynarobinsim\dynarobinikin\alglib\alglibinternal.cpp(11400): warning C4244: 'argument': conversion from 'alglib_impl::ae_int_t' to 'double', possible loss of data
c:\users\zvonimir\desktop\materijali\2.semestar\diplomski-seminar-2017\dynarobinsim\dynarobinikin\alglib\alglibinternal.cpp(12803): warning C4244: '=': conversion from 'alglib_impl::ae_int_t' to 'double', possible loss of data
c:\users\zvonimir\desktop\materijali\2.semestar\diplomski-seminar-2017\dynarobinsim\dynarobinikin\alglib\alglibinternal.cpp(12804): warning C4244: '=': conversion from 'alglib_impl::ae_int_t' to 'double', possible loss of data
c:\users\zvonimir\desktop\materijali\2.semestar\diplomski-seminar-2017\dynarobinsim\dynarobinikin\alglib\alglibinternal.cpp(12815): warning C4244: 'argument': conversion from 'alglib_impl::ae_int_t' to 'double', possible loss of data
c:\users\zvonimir\desktop\materijali\2.semestar\diplomski-seminar-2017\dynarobinsim\dynarobinikin\alglib\alglibinternal.cpp(13212): warning C4244: 'argument': conversion from 'alglib_impl::ae_int_t' to 'double', possible loss of data
c:\users\zvonimir\desktop\materijali\2.semestar\diplomski-seminar-2017\dynarobinsim\dynarobinikin\alglib\alglibinternal.cpp(15357): warning C4244: 'argument': conversion from 'alglib_impl::ae_int_t' to 'double', possible loss of data
c:\users\zvonimir\desktop\materijali\2.semestar\diplomski-seminar-2017\dynarobinsim\dynarobinikin\alglib\alglibinternal.cpp(15436): warning C4244: 'argument': conversion from 'alglib_impl::ae_int_t' to 'double', possible loss of data
  AlglibCognitus.cpp
c:\users\zvonimir\desktop\materijali\2.semestar\diplomski-seminar-2017\dynarobinsim\dynarobinikin\alglib\alglibcognitus.cpp(61): warning C4244: 'initializing': conversion from 'alglib::ae_int_t' to 'double', possible loss of data
c:\users\zvonimir\desktop\materijali\2.semestar\diplomski-seminar-2017\dynarobinsim\dynarobinikin\alglib\alglibcognitus.cpp(62): warning C4244: 'initializing': conversion from 'alglib::ae_int_t' to 'double', possible loss of data
c:\users\zvonimir\desktop\materijali\2.semestar\diplomski-seminar-2017\dynarobinsim\dynarobinikin\alglib\alglibcognitus.cpp(65): warning C4244: 'argument': conversion from 'double' to 'alglib::ae_int_t', possible loss of data
c:\users\zvonimir\desktop\materijali\2.semestar\diplomski-seminar-2017\dynarobinsim\dynarobinikin\alglib\alglibcognitus.cpp(142): warning C4244: 'initializing': conversion from 'alglib::ae_int_t' to 'double', possible loss of data
c:\users\zvonimir\desktop\materijali\2.semestar\diplomski-seminar-2017\dynarobinsim\dynarobinikin\alglib\alglibcognitus.cpp(143): warning C4244: 'initializing': conversion from 'alglib::ae_int_t' to 'double', possible loss of data
c:\users\zvonimir\desktop\materijali\2.semestar\diplomski-seminar-2017\dynarobinsim\dynarobinikin\alglib\alglibcognitus.cpp(144): warning C4244: 'initializing': conversion from 'alglib::ae_int_t' to 'double', possible loss of data
c:\users\zvonimir\desktop\materijali\2.semestar\diplomski-seminar-2017\dynarobinsim\dynarobinikin\alglib\alglibcognitus.cpp(147): warning C4244: 'argument': conversion from 'double' to 'alglib::ae_int_t', possible loss of data
c:\users\zvonimir\desktop\materijali\2.semestar\diplomski-seminar-2017\dynarobinsim\dynarobinikin\alglib\alglibcognitus.cpp(138): warning C4101: 'column': unreferenced local variable
c:\users\zvonimir\desktop\materijali\2.semestar\diplomski-seminar-2017\dynarobinsim\dynarobinikin\alglib\alglibcognitus.cpp(139): warning C4101: 'column2': unreferenced local variable
c:\users\zvonimir\desktop\materijali\2.semestar\diplomski-seminar-2017\dynarobinsim\dynarobinikin\alglib\alglibcognitus.cpp(137): warning C4101: 'row': unreferenced local variable
  Generating Code...
AlglibCognitus.obj : warning LNK4075: ignoring '/EDITANDCONTINUE' due to '/INCREMENTAL:NO' specification
     Creating library Debug/x64/DynaRobinIKin.lib and object Debug/x64/DynaRobinIKin.exp
DynaRobinIKin.exp : warning LNK4070: /OUT:DynaRobinIKin.mexw32 directive in .EXP differs from output filename 'Debug/x64/DynaRobinIKin.mexw64'; ignoring directive
  DynaRobinIKin.vcxproj -> C:\Users\Zvonimir\Desktop\Materijali\2.semestar\Diplomski-seminar-2017\dynarobinsim\Debug/x64/DynaRobinIKin.mexw64
  DynaRobinIKin.vcxproj -> Debug/x64/DynaRobinIKin.pdb (Partial PDB)
